<?xml version="1.0" encoding="UTF-8"?>
<testng-results skipped="0" failed="0" ignored="2" total="3" passed="1">
  <reporter-output>
  </reporter-output>
  <suite name="Suite" duration-ms="186" started-at="2022-03-25T12:17:05 IST" finished-at="2022-03-25T12:17:05 IST">
    <groups>
      <group name="a">
        <method signature="BasicClass.Method10()[pri:2, instance:testNG.BasicClass@2f943d71]" name="Method10" class="testNG.BasicClass"/>
      </group> <!-- a -->
    </groups>
    <test name="Test" duration-ms="186" started-at="2022-03-25T12:17:05 IST" finished-at="2022-03-25T12:17:05 IST">
      <class name="testNG.BasicClass">
        <test-method status="PASS" signature="Method10()[pri:2, instance:testNG.BasicClass@2f943d71]" name="Method10" duration-ms="30" started-at="2022-03-25T12:17:05 IST" finished-at="2022-03-25T12:17:05 IST">
          <reporter-output>
          </reporter-output>
        </test-method> <!-- Method10 -->
      </class> <!-- testNG.BasicClass -->
    </test> <!-- Test -->
  </suite> <!-- Suite -->
</testng-results>
