<?xml version="1.0" encoding="UTF-8"?>
<!-- Generated by org.testng.reporters.JUnitXMLReporter -->
<testsuite hostname="Haidarali" ignored="2" name="Test" tests="1" failures="0" timestamp="2022-03-25T12:17:05 IST" time="0.186" errors="0">
  <testcase name="Method10" time="0.03" classname="testNG.BasicClass"/>
  <testcase name="method11" time="0.0" classname="testNG.BasicClass$Subclass">
    <ignored/>
  </testcase> <!-- method11 -->
  <testcase name="method1" time="0.0" classname="testNG.BasicClass">
    <ignored/>
  </testcase> <!-- method1 -->
</testsuite> <!-- Test -->
